########## API CALL ######### at 11/9/2019, 8:26:46 PM
ip ::1
Api name  /
Method type  GET
params  {}
########## API CALL ######### at 11/9/2019, 8:26:46 PM
ip ::1
Api name  /css/bootstrap.css
Method type  GET
params  {}
########## API CALL ######### at 11/9/2019, 8:26:46 PM
ip ::1
Api name  /css/bootstrap-theme.css
Method type  GET
params  {}
########## API CALL ######### at 11/9/2019, 8:26:46 PM
ip ::1
Api name  /build/bundle.js
Method type  GET
params  {}
########## API CALL ######### at 11/9/2019, 8:30:57 PM
ip ::ffff:127.0.0.1
Api name  /
Method type  GET
params  {}
########## API CALL ######### at 11/9/2019, 8:30:57 PM
ip ::ffff:127.0.0.1
Api name  /css/bootstrap.css
Method type  GET
params  {}
########## API CALL ######### at 11/9/2019, 8:30:57 PM
ip ::ffff:127.0.0.1
Api name  /css/bootstrap-theme.css
Method type  GET
params  {}
########## API CALL ######### at 11/9/2019, 8:30:57 PM
ip ::ffff:127.0.0.1
Api name  /build/bundle.js
Method type  GET
params  {}
########## API CALL ######### at 11/9/2019, 8:30:57 PM
ip ::ffff:127.0.0.1
Api name  /favicon.ico
Method type  GET
params  {}
########## API CALL ######### at 11/9/2019, 8:31:10 PM
ip ::ffff:127.0.0.1
Api name  /
Method type  GET
params  {}
########## API CALL ######### at 11/9/2019, 8:31:10 PM
ip ::ffff:127.0.0.1
Api name  /css/bootstrap.css
Method type  GET
params  {}
########## API CALL ######### at 11/9/2019, 8:31:10 PM
ip ::ffff:127.0.0.1
Api name  /build/bundle.js
Method type  GET
params  {}
########## API CALL ######### at 11/9/2019, 8:31:10 PM
ip ::ffff:127.0.0.1
Api name  /css/bootstrap-theme.css
Method type  GET
params  {}
########## API CALL ######### at 11/9/2019, 8:31:10 PM
ip ::ffff:127.0.0.1
Api name  /favicon.ico
Method type  GET
params  {}
########## API CALL ######### at 11/9/2019, 8:31:21 PM
ip ::ffff:127.0.0.1
Api name  /
Method type  GET
params  {}
########## API CALL ######### at 11/9/2019, 8:31:21 PM
ip ::ffff:127.0.0.1
Api name  /css/bootstrap.css
Method type  GET
params  {}
########## API CALL ######### at 11/9/2019, 8:31:21 PM
ip ::ffff:127.0.0.1
Api name  /css/bootstrap-theme.css
Method type  GET
params  {}
########## API CALL ######### at 11/9/2019, 8:31:21 PM
ip ::ffff:127.0.0.1
Api name  /build/bundle.js
Method type  GET
params  {}
########## API CALL ######### at 11/10/2019, 8:58:58 PM
ip ::1
Api name  /
Method type  GET
params  {}
########## API CALL ######### at 11/10/2019, 8:58:58 PM
ip ::1
Api name  /css/homePage.css
Method type  GET
params  {}
########## API CALL ######### at 11/10/2019, 8:58:58 PM
ip ::1
Api name  /build/bundle.js
Method type  GET
params  {}
########## API CALL ######### at 11/10/2019, 8:58:58 PM
ip ::1
Api name  /favicon.ico
Method type  GET
params  {}
########## API CALL ######### at 11/10/2019, 9:22:41 PM
ip ::ffff:127.0.0.1
Api name  picListByKeywordSearch
Method type  GET
params  {"keywordName":""}
########## API CALL ######### at 11/10/2019, 9:23:57 PM
ip ::ffff:127.0.0.1
Api name  picListByKeywordSearch
Method type  GET
params  {"keywordName":"1"}
########## API CALL ######### at 11/10/2019, 9:25:57 PM
ip ::ffff:127.0.0.1
Api name  picListByKeywordSearch
Method type  GET
params  {"keywordName":"1"}
########## API CALL ######### at 11/10/2019, 9:26:14 PM
ip ::ffff:127.0.0.1
Api name  picListByKeywordSearch
Method type  GET
params  {"keywordName":"1"}
########## API CALL ######### at 11/10/2019, 9:26:28 PM
ip ::ffff:127.0.0.1
Api name  picListByKeywordSearch
Method type  GET
params  {"keywordName":"1"}
########## API CALL ######### at 11/10/2019, 9:28:09 PM
ip ::ffff:127.0.0.1
Api name  picListByKeywordSearch
Method type  GET
params  {"keywordName":"1"}
########## API CALL ######### at 11/10/2019, 9:29:13 PM
ip ::ffff:127.0.0.1
Api name  picListByKeywordSearch
Method type  GET
params  {"keywordName":"1"}
########## API CALL ######### at 11/10/2019, 9:32:10 PM
ip ::ffff:127.0.0.1
Api name  picListByKeywordSearch
Method type  GET
params  {"keywordName":"1"}
########## API CALL ######### at 11/10/2019, 9:32:46 PM
ip ::ffff:127.0.0.1
Api name  picListByKeywordSearch
Method type  GET
params  {"keywordName":"1"}
########## API CALL ######### at 11/10/2019, 9:33:38 PM
ip ::ffff:127.0.0.1
Api name  picListByKeywordSearch
Method type  GET
params  {"keywordName":"1"}
########## API CALL ######### at 11/10/2019, 9:39:56 PM
ip ::ffff:127.0.0.1
Api name  picListByKeywordSearch
Method type  GET
params  {"keywordName":"1"}
########## API CALL ######### at 11/10/2019, 9:40:35 PM
ip ::ffff:127.0.0.1
Api name  picListByKeywordSearch
Method type  GET
params  {"keywordName":"1"}
########## API CALL ######### at 11/10/2019, 9:40:59 PM
ip ::ffff:127.0.0.1
Api name  picListByKeywordSearch
Method type  GET
params  {"keywordName":"1"}
########## API CALL ######### at 11/10/2019, 9:51:39 PM
ip ::ffff:127.0.0.1
Api name  picListByKeywordSearch
Method type  GET
params  {"keywordName":"1"}
########## API CALL ######### at 11/10/2019, 9:53:55 PM
ip ::ffff:127.0.0.1
Api name  picListByKeywordSearch
Method type  GET
params  {"keywordName":"1"}
########## API CALL ######### at 11/10/2019, 9:55:45 PM
ip ::ffff:127.0.0.1
Api name  picListByKeywordSearch
Method type  GET
params  {"keywordName":"1"}
########## API CALL ######### at 11/10/2019, 9:58:48 PM
ip ::ffff:127.0.0.1
Api name  picListByKeywordSearch
Method type  GET
params  {"keywordName":"1"}
########## API CALL ######### at 11/10/2019, 9:59:12 PM
ip ::ffff:127.0.0.1
Api name  picListByKeywordSearch
Method type  GET
params  {"keywordName":"1"}
########## API CALL ######### at 11/10/2019, 10:03:01 PM
ip ::ffff:127.0.0.1
Api name  picListByKeywordSearch
Method type  GET
params  {"keywordName":"1"}
########## API CALL ######### at 11/10/2019, 10:04:06 PM
ip ::ffff:127.0.0.1
Api name  picListByKeywordSearch
Method type  GET
params  {"keywordName":"1"}
########## API CALL ######### at 11/10/2019, 10:04:38 PM
ip ::ffff:127.0.0.1
Api name  picListByKeywordSearch
Method type  GET
params  {"keywordName":"1"}
########## API CALL ######### at 11/10/2019, 10:05:24 PM
ip ::ffff:127.0.0.1
Api name  picListByKeywordSearch
Method type  GET
params  {"keywordName":"1"}
########## API CALL ######### at 11/10/2019, 10:06:50 PM
ip ::ffff:127.0.0.1
Api name  picListByKeywordSearch
Method type  GET
params  {"keywordName":""}
########## API CALL ######### at 11/10/2019, 10:07:06 PM
ip ::ffff:127.0.0.1
Api name  picListByKeywordSearch
Method type  GET
params  {"keywordName":"1"}
########## API CALL ######### at 11/10/2019, 10:07:54 PM
ip ::ffff:127.0.0.1
Api name  picListByKeywordSearch
Method type  GET
params  {"keywordName":"1"}
########## API CALL ######### at 11/10/2019, 10:09:00 PM
ip ::ffff:127.0.0.1
Api name  picListByKeywordSearch
Method type  GET
params  {"keywordName":"1"}
########## API CALL ######### at 11/10/2019, 10:10:01 PM
ip ::ffff:127.0.0.1
Api name  picListByKeywordSearch
Method type  GET
params  {"keywordName":"1"}
########## API CALL ######### at 11/10/2019, 10:11:00 PM
ip ::ffff:127.0.0.1
Api name  picListByKeywordSearch
Method type  GET
params  {"keywordName":"1"}
########## API CALL ######### at 11/10/2019, 10:11:13 PM
ip ::ffff:127.0.0.1
Api name  picListByKeywordSearch
Method type  GET
params  {"keywordName":"1"}
########## API CALL ######### at 11/10/2019, 10:12:28 PM
ip ::ffff:127.0.0.1
Api name  picListByKeywordSearch
Method type  GET
params  {"keywordName":"1"}
########## API CALL ######### at 11/10/2019, 10:13:47 PM
ip ::ffff:127.0.0.1
Api name  picListByKeywordSearch
Method type  GET
params  {"keywordName":"1"}
########## API CALL ######### at 11/10/2019, 10:22:53 PM
ip ::ffff:127.0.0.1
Api name  picListByKeywordSearch
Method type  GET
params  {"keywordName":"1"}
########## API CALL ######### at 11/10/2019, 10:23:10 PM
ip ::ffff:127.0.0.1
Api name  picListByKeywordSearch
Method type  GET
params  {"keywordName":"1"}
########## API CALL ######### at 11/10/2019, 10:23:40 PM
ip ::ffff:127.0.0.1
Api name  picListByKeywordSearch
Method type  GET
params  {"keywordName":"1"}
########## API CALL ######### at 11/10/2019, 10:24:57 PM
ip ::ffff:127.0.0.1
Api name  picListByKeywordSearch
Method type  GET
params  {"keywordName":"1"}
########## API CALL ######### at 11/10/2019, 10:30:37 PM
ip ::ffff:127.0.0.1
Api name  picListByKeywordSearch
Method type  GET
params  {"keywordName":"1"}
########## API CALL ######### at 11/10/2019, 10:37:56 PM
ip ::ffff:127.0.0.1
Api name  picListByKeywordSearch
Method type  GET
params  {"keywordName":"1"}
########## API CALL ######### at 11/10/2019, 10:39:21 PM
ip ::ffff:127.0.0.1
Api name  picListByKeywordSearch
Method type  GET
params  {"keywordName":"1"}
########## API CALL ######### at 11/10/2019, 10:44:42 PM
ip ::ffff:127.0.0.1
Api name  picListByKeywordSearch
Method type  GET
params  {"keywordName":"1"}
########## API CALL ######### at 11/10/2019, 10:46:54 PM
ip ::ffff:127.0.0.1
Api name  picListByKeywordSearch
Method type  GET
params  {"keywordName":"1"}
########## API CALL ######### at 11/10/2019, 10:50:42 PM
ip ::ffff:127.0.0.1
Api name  picListByKeywordSearch
Method type  GET
params  {"keywordName":""}
########## API CALL ######### at 11/10/2019, 10:51:58 PM
ip ::ffff:127.0.0.1
Api name  picListByKeywordSearch
Method type  GET
params  {"keywordName":"sgsg"}
########## API CALL ######### at 11/10/2019, 10:52:49 PM
ip ::ffff:127.0.0.1
Api name  picListByKeywordSearch
Method type  GET
params  {"keywordName":"test"}
########## API CALL ######### at 11/10/2019, 10:54:12 PM
ip ::ffff:127.0.0.1
Api name  picListByKeywordSearch
Method type  GET
params  {"keywordName":"test"}
########## API CALL ######### at 11/10/2019, 10:55:20 PM
ip ::ffff:127.0.0.1
Api name  picListByKeywordSearch
Method type  GET
params  {"keywordName":"w"}
########## API CALL ######### at 11/10/2019, 10:56:34 PM
ip ::ffff:127.0.0.1
Api name  picListByKeywordSearch
Method type  GET
params  {"keywordName":""}
########## API CALL ######### at 11/10/2019, 10:56:46 PM
ip ::ffff:127.0.0.1
Api name  picListByKeywordSearch
Method type  GET
params  {"keywordName":"ss"}
########## API CALL ######### at 11/10/2019, 10:58:55 PM
ip ::ffff:127.0.0.1
Api name  picListByKeywordSearch
Method type  GET
params  {"keywordName":"test"}
########## API CALL ######### at 11/10/2019, 10:59:39 PM
ip ::ffff:127.0.0.1
Api name  picListByKeywordSearch
Method type  GET
params  {"keywordName":"ss"}
########## API CALL ######### at 11/10/2019, 11:08:31 PM
ip ::ffff:127.0.0.1
Api name  picListByKeywordSearch
Method type  GET
params  {"keywordName":"s"}
########## API CALL ######### at 11/10/2019, 11:11:08 PM
ip ::ffff:127.0.0.1
Api name  picListByKeywordSearch
Method type  GET
params  {"keywordName":"sss"}
########## API CALL ######### at 11/10/2019, 11:11:52 PM
ip ::ffff:127.0.0.1
Api name  picListByKeywordSearch
Method type  GET
params  {"keywordName":"d"}
########## API CALL ######### at 11/10/2019, 11:27:02 PM
ip ::ffff:127.0.0.1
Api name  picListByKeywordSearch
Method type  GET
params  {"keywordName":"d"}
########## API CALL ######### at 11/10/2019, 11:28:25 PM
ip ::ffff:127.0.0.1
Api name  picListByKeywordSearch
Method type  GET
params  {"keywordName":"cjjj"}
########## API CALL ######### at 11/10/2019, 11:28:56 PM
ip ::ffff:127.0.0.1
Api name  picListByKeywordSearch
Method type  GET
params  {"keywordName":"ss"}
########## API CALL ######### at 11/10/2019, 11:29:54 PM
ip ::ffff:127.0.0.1
Api name  picListByKeywordSearch
Method type  GET
params  {"keywordName":"ccc"}
########## API CALL ######### at 11/10/2019, 11:30:18 PM
ip ::ffff:127.0.0.1
Api name  picListByKeywordSearch
Method type  GET
params  {"keywordName":"ddd"}
########## API CALL ######### at 11/10/2019, 11:34:35 PM
ip ::ffff:127.0.0.1
Api name  picListByKeywordSearch
Method type  GET
params  {"keywordName":"s"}
########## API CALL ######### at 11/10/2019, 11:35:22 PM
ip ::ffff:127.0.0.1
Api name  picListByKeywordSearch
Method type  GET
params  {"keywordName":"s"}
########## API CALL ######### at 11/10/2019, 11:36:21 PM
ip ::ffff:127.0.0.1
Api name  picListByKeywordSearch
Method type  GET
params  {"keywordName":""}
########## API CALL ######### at 11/10/2019, 11:37:02 PM
ip ::ffff:127.0.0.1
Api name  picListByKeywordSearch
Method type  GET
params  {"keywordName":"asa"}
########## API CALL ######### at 11/10/2019, 11:37:37 PM
ip ::ffff:127.0.0.1
Api name  picListByKeywordSearch
Method type  GET
params  {"keywordName":""}
########## API CALL ######### at 11/10/2019, 11:37:40 PM
ip ::ffff:127.0.0.1
Api name  picListByKeywordSearch
Method type  GET
params  {"keywordName":"ddd"}
########## API CALL ######### at 11/10/2019, 11:37:43 PM
ip ::ffff:127.0.0.1
Api name  picListByKeywordSearch
Method type  GET
params  {"keywordName":"dddssss"}
########## API CALL ######### at 11/10/2019, 11:43:28 PM
ip ::ffff:127.0.0.1
Api name  picListByKeywordSearch
Method type  GET
params  {"keywordName":"Earth"}
########## API CALL ######### at 11/10/2019, 11:44:57 PM
ip ::ffff:127.0.0.1
Api name  picListByKeywordSearch
Method type  GET
params  {"keywordName":"Earth"}
########## API CALL ######### at 11/11/2019, 12:51:02 AM
ip ::ffff:127.0.0.1
Api name  picListByKeywordSearch
Method type  GET
params  {"keywordName":"e"}
########## API CALL ######### at 11/11/2019, 12:56:21 AM
ip ::ffff:127.0.0.1
Api name  picListByKeywordSearch
Method type  GET
params  {"keywordName":"ww"}
########## API CALL ######### at 11/11/2019, 12:59:12 AM
ip ::ffff:127.0.0.1
Api name  picListByKeywordSearch
Method type  GET
params  {"keywordName":"a"}
########## API CALL ######### at 11/11/2019, 1:03:20 AM
ip ::ffff:127.0.0.1
Api name  picListByKeywordSearch
Method type  GET
params  {"keywordName":"a"}
########## API CALL ######### at 11/11/2019, 1:03:47 AM
ip ::ffff:127.0.0.1
Api name  picListByKeywordSearch
Method type  GET
params  {"keywordName":"a"}
########## API CALL ######### at 11/11/2019, 1:04:40 AM
ip ::ffff:127.0.0.1
Api name  picListByKeywordSearch
Method type  GET
params  {"keywordName":""}
########## API CALL ######### at 11/11/2019, 1:04:45 AM
ip ::ffff:127.0.0.1
Api name  picListByKeywordSearch
Method type  GET
params  {"keywordName":"ss"}
########## API CALL ######### at 11/11/2019, 12:35:00 PM
ip ::ffff:127.0.0.1
Api name  picListByKeywordSearch
Method type  GET
params  {"keywordName":"SS"}
########## API CALL ######### at 11/11/2019, 12:36:29 PM
ip ::ffff:127.0.0.1
Api name  picListByKeywordSearch
Method type  GET
params  {"keywordName":"S"}
########## API CALL ######### at 11/11/2019, 12:37:11 PM
ip ::ffff:127.0.0.1
Api name  picListByKeywordSearch
Method type  GET
params  {"keywordName":"D"}
########## API CALL ######### at 11/11/2019, 12:37:48 PM
ip ::ffff:127.0.0.1
Api name  picListByKeywordSearch
Method type  GET
params  {"keywordName":"DS"}
########## API CALL ######### at 11/11/2019, 12:38:18 PM
ip ::ffff:127.0.0.1
Api name  picListByKeywordSearch
Method type  GET
params  {"keywordName":"SS"}
########## API CALL ######### at 11/11/2019, 12:40:09 PM
ip ::ffff:127.0.0.1
Api name  picListByKeywordSearch
Method type  GET
params  {"keywordName":"ccc"}
########## API CALL ######### at 11/11/2019, 12:45:11 PM
ip ::ffff:127.0.0.1
Api name  picListByKeywordSearch
Method type  GET
params  {"keywordName":"a"}
########## API CALL ######### at 11/11/2019, 12:46:20 PM
ip ::ffff:127.0.0.1
Api name  picListByKeywordSearch
Method type  GET
params  {"keywordName":"a"}
########## API CALL ######### at 11/11/2019, 12:53:52 PM
ip ::ffff:127.0.0.1
Api name  picListByKeywordSearch
Method type  GET
params  {"keywordName":"ss"}
########## API CALL ######### at 11/11/2019, 12:56:39 PM
ip ::ffff:127.0.0.1
Api name  picListByKeywordSearch
Method type  GET
params  {"keywordName":"s"}
########## API CALL ######### at 11/11/2019, 1:00:27 PM
ip ::ffff:127.0.0.1
Api name  picListByKeywordSearch
Method type  GET
params  {"keywordName":"ss"}
########## API CALL ######### at 11/11/2019, 1:01:08 PM
ip ::ffff:127.0.0.1
Api name  picListByKeywordSearch
Method type  GET
params  {"keywordName":"s"}
########## API CALL ######### at 11/11/2019, 1:07:08 PM
ip ::ffff:127.0.0.1
Api name  picListByKeywordSearch
Method type  GET
params  {"keywordName":"s"}
########## API CALL ######### at 11/11/2019, 1:08:08 PM
ip ::ffff:127.0.0.1
Api name  picListByKeywordSearch
Method type  GET
params  {"keywordName":"ddd"}
########## API CALL ######### at 11/11/2019, 1:09:36 PM
ip ::ffff:127.0.0.1
Api name  picListByKeywordSearch
Method type  GET
params  {"keywordName":"ddd"}
########## API CALL ######### at 11/11/2019, 1:12:29 PM
ip ::ffff:127.0.0.1
Api name  picListByKeywordSearch
Method type  GET
params  {"keywordName":"ddd"}
########## API CALL ######### at 11/11/2019, 1:15:50 PM
ip ::ffff:127.0.0.1
Api name  picListByKeywordSearch
Method type  GET
params  {"keywordName":"ddd"}
########## API CALL ######### at 11/11/2019, 1:17:17 PM
ip ::ffff:127.0.0.1
Api name  picListByKeywordSearch
Method type  GET
params  {"keywordName":"sss"}
########## API CALL ######### at 11/11/2019, 1:18:30 PM
ip ::ffff:127.0.0.1
Api name  picListByKeywordSearch
Method type  GET
params  {"keywordName":"sss"}
########## API CALL ######### at 11/11/2019, 1:20:50 PM
ip ::ffff:127.0.0.1
Api name  picListByKeywordSearch
Method type  GET
params  {"keywordName":"test"}
########## API CALL ######### at 11/11/2019, 1:23:56 PM
ip ::ffff:127.0.0.1
Api name  picListByKeywordSearch
Method type  GET
params  {"keywordName":"ddd"}
########## API CALL ######### at 11/11/2019, 1:25:02 PM
ip ::ffff:127.0.0.1
Api name  picListByKeywordSearch
Method type  GET
params  {"keywordName":"tetjmhbs.,dkaj"}
########## API CALL ######### at 11/11/2019, 1:29:15 PM
ip ::ffff:127.0.0.1
Api name  picListByKeywordSearch
Method type  GET
params  {"keywordName":"ss"}
########## API CALL ######### at 11/11/2019, 1:30:53 PM
ip ::ffff:127.0.0.1
Api name  picListByKeywordSearch
Method type  GET
params  {"keywordName":"dd"}
########## API CALL ######### at 11/11/2019, 1:31:16 PM
ip ::ffff:127.0.0.1
Api name  picListByKeywordSearch
Method type  GET
params  {"keywordName":"ddd"}
########## API CALL ######### at 11/11/2019, 1:32:15 PM
ip ::ffff:127.0.0.1
Api name  picListByKeywordSearch
Method type  GET
params  {"keywordName":"dd"}
########## API CALL ######### at 11/11/2019, 1:33:44 PM
ip ::ffff:127.0.0.1
Api name  picListByKeywordSearch
Method type  GET
params  {"keywordName":"dd"}
########## API CALL ######### at 11/11/2019, 1:34:15 PM
ip ::ffff:127.0.0.1
Api name  picListByKeywordSearch
Method type  GET
params  {"keywordName":"ss"}
########## API CALL ######### at 11/11/2019, 1:35:31 PM
ip ::ffff:127.0.0.1
Api name  picListByKeywordSearch
Method type  GET
params  {"keywordName":"sss"}
########## API CALL ######### at 11/11/2019, 1:37:26 PM
ip ::ffff:127.0.0.1
Api name  picListByKeywordSearch
Method type  GET
params  {"keywordName":"ddd"}
########## API CALL ######### at 11/11/2019, 2:43:14 PM
ip ::ffff:127.0.0.1
Api name  picListByKeywordSearch
Method type  GET
params  {"keywordName":"ddd"}
########## API CALL ######### at 11/11/2019, 2:48:47 PM
ip ::ffff:127.0.0.1
Api name  picListByKeywordSearch
Method type  GET
params  {"keywordName":"fjygfjqgfjygu"}
########## API CALL ######### at 11/11/2019, 2:48:51 PM
ip ::ffff:127.0.0.1
Api name  picListByKeywordSearch
Method type  GET
params  {"keywordName":"fjygfjqgfjygu"}
########## API CALL ######### at 11/11/2019, 2:49:31 PM
ip ::ffff:127.0.0.1
Api name  picListByKeywordSearch
Method type  GET
params  {"keywordName":"fjygfjqgfjygu"}
########## API CALL ######### at 11/11/2019, 2:50:52 PM
ip ::ffff:127.0.0.1
Api name  picListByKeywordSearch
Method type  GET
params  {"keywordName":"ss"}
########## API CALL ######### at 11/11/2019, 2:59:37 PM
ip ::ffff:127.0.0.1
Api name  picListByKeywordSearch
Method type  GET
params  {"keywordName":"earth"}
########## API CALL ######### at 11/11/2019, 2:59:46 PM
ip ::ffff:127.0.0.1
Api name  picListByKeywordSearch
Method type  GET
params  {"keywordName":"tes"}
########## API CALL ######### at 11/11/2019, 2:59:59 PM
ip ::ffff:127.0.0.1
Api name  picListByKeywordSearch
Method type  GET
params  {"keywordName":"earth"}
########## API CALL ######### at 11/11/2019, 3:00:21 PM
ip ::ffff:127.0.0.1
Api name  picListByKeywordSearch
Method type  GET
params  {"keywordName":"mars"}
########## API CALL ######### at 11/11/2019, 3:00:26 PM
ip ::ffff:127.0.0.1
Api name  picListByKeywordSearch
Method type  GET
params  {"keywordName":"mar"}
########## API CALL ######### at 11/11/2019, 3:00:30 PM
ip ::ffff:127.0.0.1
Api name  picListByKeywordSearch
Method type  GET
params  {"keywordName":"mars"}
########## API CALL ######### at 11/11/2019, 3:00:35 PM
ip ::ffff:127.0.0.1
Api name  picListByKeywordSearch
Method type  GET
params  {"keywordName":"water"}
########## API CALL ######### at 11/11/2019, 3:00:41 PM
ip ::ffff:127.0.0.1
Api name  picListByKeywordSearch
Method type  GET
params  {"keywordName":"wate"}
########## API CALL ######### at 11/11/2019, 3:02:12 PM
ip ::ffff:127.0.0.1
Api name  picListByKeywordSearch
Method type  GET
params  {"keywordName":"sky"}
########## API CALL ######### at 11/11/2019, 3:04:36 PM
ip ::ffff:127.0.0.1
Api name  picListByKeywordSearch
Method type  GET
params  {"keywordName":""}
########## API CALL ######### at 11/11/2019, 3:04:39 PM
ip ::ffff:127.0.0.1
Api name  picListByKeywordSearch
Method type  GET
params  {"keywordName":""}
########## API CALL ######### at 11/11/2019, 3:04:51 PM
ip ::ffff:127.0.0.1
Api name  picListByKeywordSearch
Method type  GET
params  {"keywordName":""}
########## API CALL ######### at 11/11/2019, 3:07:43 PM
ip ::ffff:127.0.0.1
Api name  picListByKeywordSearch
Method type  GET
params  {"keywordName":"hjsgjd"}
########## API CALL ######### at 11/11/2019, 3:08:01 PM
ip ::ffff:127.0.0.1
Api name  picListByKeywordSearch
Method type  GET
params  {"keywordName":"mars"}
########## API CALL ######### at 11/11/2019, 3:08:08 PM
ip ::ffff:127.0.0.1
Api name  picListByKeywordSearch
Method type  GET
params  {"keywordName":""}
########## API CALL ######### at 11/11/2019, 3:08:47 PM
ip ::ffff:127.0.0.1
Api name  picListByKeywordSearch
Method type  GET
params  {"keywordName":"a"}
########## API CALL ######### at 11/11/2019, 3:08:53 PM
ip ::ffff:127.0.0.1
Api name  picListByKeywordSearch
Method type  GET
params  {"keywordName":""}
########## API CALL ######### at 11/11/2019, 3:10:05 PM
ip ::ffff:127.0.0.1
Api name  picListByKeywordSearch
Method type  GET
params  {"keywordName":""}
########## API CALL ######### at 11/11/2019, 3:10:17 PM
ip ::ffff:127.0.0.1
Api name  picListByKeywordSearch
Method type  GET
params  {"keywordName":"mars"}
########## API CALL ######### at 11/11/2019, 3:12:43 PM
ip ::ffff:127.0.0.1
Api name  picListByKeywordSearch
Method type  GET
params  {"keywordName":"mars"}
########## API CALL ######### at 11/11/2019, 3:12:51 PM
ip ::ffff:127.0.0.1
Api name  picListByKeywordSearch
Method type  GET
params  {"keywordName":""}
########## API CALL ######### at 11/11/2019, 3:12:54 PM
ip ::ffff:127.0.0.1
Api name  picListByKeywordSearch
Method type  GET
params  {"keywordName":"w"}
########## API CALL ######### at 11/11/2019, 3:13:34 PM
ip ::ffff:127.0.0.1
Api name  picListByKeywordSearch
Method type  GET
params  {"keywordName":"water"}
########## API CALL ######### at 11/11/2019, 3:13:54 PM
ip ::ffff:127.0.0.1
Api name  picListByKeywordSearch
Method type  GET
params  {"keywordName":"yyyy"}
########## API CALL ######### at 11/11/2019, 3:15:40 PM
ip ::ffff:127.0.0.1
Api name  picListByKeywordSearch
Method type  GET
params  {"keywordName":"mars"}
########## API CALL ######### at 11/11/2019, 3:15:56 PM
ip ::ffff:127.0.0.1
Api name  picListByKeywordSearch
Method type  GET
params  {"keywordName":"mars"}
########## API CALL ######### at 11/11/2019, 3:16:22 PM
ip ::ffff:127.0.0.1
Api name  picListByKeywordSearch
Method type  GET
params  {"keywordName":"water"}
########## API CALL ######### at 11/11/2019, 3:32:13 PM
ip ::ffff:127.0.0.1
Api name  picListByKeywordSearch
Method type  GET
params  {"keywordName":"mars"}
########## API CALL ######### at 11/11/2019, 3:37:24 PM
ip ::ffff:127.0.0.1
Api name  picListByKeywordSearch
Method type  GET
params  {"keywordName":"mars"}
########## API CALL ######### at 11/11/2019, 3:37:48 PM
ip ::ffff:127.0.0.1
Api name  picListByKeywordSearch
Method type  GET
params  {"keywordName":"mars"}
########## API CALL ######### at 11/11/2019, 3:38:32 PM
ip ::ffff:127.0.0.1
Api name  picListByKeywordSearch
Method type  GET
params  {"keywordName":"mars"}
########## API CALL ######### at 11/11/2019, 3:39:47 PM
ip ::ffff:127.0.0.1
Api name  picListByKeywordSearch
Method type  GET
params  {"keywordName":"mars"}
########## API CALL ######### at 11/11/2019, 3:46:22 PM
ip ::ffff:127.0.0.1
Api name  picListByKeywordSearch
Method type  GET
params  {"keywordName":"mars"}
########## API CALL ######### at 11/11/2019, 3:46:46 PM
ip ::ffff:127.0.0.1
Api name  picListByKeywordSearch
Method type  GET
params  {"keywordName":"mars"}
########## API CALL ######### at 11/11/2019, 3:55:57 PM
ip ::ffff:127.0.0.1
Api name  picListByKeywordSearch
Method type  GET
params  {"keywordName":"mars"}
########## API CALL ######### at 11/11/2019, 5:03:21 PM
ip ::ffff:127.0.0.1
Api name  picListByKeywordSearch
Method type  GET
params  {"keywordName":"earth"}
########## API CALL ######### at 11/11/2019, 5:06:41 PM
ip ::ffff:127.0.0.1
Api name  picListByKeywordSearch
Method type  GET
params  {"keywordName":"earth"}
########## API CALL ######### at 11/11/2019, 5:14:43 PM
ip ::ffff:127.0.0.1
Api name  picListByKeywordSearch
Method type  GET
params  {"keywordName":"earth"}
########## API CALL ######### at 11/11/2019, 5:19:35 PM
ip ::ffff:127.0.0.1
Api name  picListByKeywordSearch
Method type  GET
params  {"keywordName":"earth"}
########## API CALL ######### at 11/11/2019, 5:24:58 PM
ip ::ffff:127.0.0.1
Api name  picListByKeywordSearch
Method type  GET
params  {"keywordName":"earth"}
########## API CALL ######### at 11/11/2019, 5:25:07 PM
ip ::ffff:127.0.0.1
Api name  picListByKeywordSearch
Method type  GET
params  {"keywordName":"mars"}
########## API CALL ######### at 11/11/2019, 5:25:09 PM
ip ::ffff:127.0.0.1
Api name  picListByKeywordSearch
Method type  GET
params  {"keywordName":"marss"}
########## API CALL ######### at 11/11/2019, 5:25:22 PM
ip ::ffff:127.0.0.1
Api name  picListByKeywordSearch
Method type  GET
params  {"keywordName":"mars"}
########## API CALL ######### at 11/11/2019, 5:27:54 PM
ip ::ffff:127.0.0.1
Api name  picListByKeywordSearch
Method type  GET
params  {"keywordName":"earth"}
########## API CALL ######### at 11/11/2019, 5:49:29 PM
ip ::ffff:127.0.0.1
Api name  picListByKeywordSearch
Method type  GET
params  {"keyWordName":"earth"}
########## API CALL ######### at 11/11/2019, 5:49:31 PM
ip ::ffff:127.0.0.1
Api name  picListByKeywordSearch
Method type  GET
params  {"keyWordName":"earth"}
########## API CALL ######### at 11/11/2019, 5:50:55 PM
ip ::ffff:127.0.0.1
Api name  picListByKeywordSearch
Method type  GET
params  {"keywordName":"earth"}
########## API CALL ######### at 11/11/2019, 5:52:20 PM
ip ::ffff:127.0.0.1
Api name  picListByKeywordSearch
Method type  GET
params  {"keywordName":"earth"}
########## API CALL ######### at 11/11/2019, 5:53:30 PM
ip ::ffff:127.0.0.1
Api name  picListByKeywordSearch
Method type  GET
params  {"keywordName":"mars"}
########## API CALL ######### at 11/11/2019, 5:59:58 PM
ip ::ffff:127.0.0.1
Api name  picListByKeywordSearch
Method type  GET
params  {"keywordName":"Earth"}
########## API CALL ######### at 11/11/2019, 6:00:01 PM
ip ::ffff:127.0.0.1
Api name  picListByKeywordSearch
Method type  GET
params  {"keywordName":"Earth"}
########## API CALL ######### at 11/11/2019, 6:00:08 PM
ip ::ffff:127.0.0.1
Api name  picListByKeywordSearch
Method type  GET
params  {"keywordName":"Earth"}
########## API CALL ######### at 11/11/2019, 6:00:09 PM
ip ::ffff:127.0.0.1
Api name  picListByKeywordSearch
Method type  GET
params  {"keywordName":"Earth"}
########## API CALL ######### at 11/11/2019, 6:00:10 PM
ip ::ffff:127.0.0.1
Api name  picListByKeywordSearch
Method type  GET
params  {"keywordName":"Earth"}
########## API CALL ######### at 11/11/2019, 6:00:10 PM
ip ::ffff:127.0.0.1
Api name  picListByKeywordSearch
Method type  GET
params  {"keywordName":"Earth"}
########## API CALL ######### at 11/11/2019, 6:00:10 PM
ip ::ffff:127.0.0.1
Api name  picListByKeywordSearch
Method type  GET
params  {"keywordName":"Earth"}
########## API CALL ######### at 11/11/2019, 6:02:59 PM
ip ::ffff:127.0.0.1
Api name  picListByKeywordSearch
Method type  GET
params  {"keywordName":"earth"}
########## API CALL ######### at 11/11/2019, 6:03:32 PM
ip ::ffff:127.0.0.1
Api name  picListByKeywordSearch
Method type  GET
params  {"keywordName":"mars"}
########## API CALL ######### at 11/11/2019, 6:06:28 PM
ip ::ffff:127.0.0.1
Api name  picListByKeywordSearch
Method type  GET
params  {"keywordName":"mars"}
########## API CALL ######### at 11/11/2019, 6:06:31 PM
ip ::ffff:127.0.0.1
Api name  picListByKeywordSearch
Method type  GET
params  {"keywordName":"mars"}
########## API CALL ######### at 11/11/2019, 6:06:36 PM
ip ::ffff:127.0.0.1
Api name  picListByKeywordSearch
Method type  GET
params  {"keywordName":"mar"}
########## API CALL ######### at 11/11/2019, 6:06:41 PM
ip ::ffff:127.0.0.1
Api name  picListByKeywordSearch
Method type  GET
params  {"keywordName":"mars"}
########## API CALL ######### at 11/11/2019, 6:08:47 PM
ip ::ffff:127.0.0.1
Api name  picListByKeywordSearch
Method type  GET
params  {"keywordName":"earth"}
########## API CALL ######### at 11/11/2019, 6:08:54 PM
ip ::ffff:127.0.0.1
Api name  picListByKeywordSearch
Method type  GET
params  {"keywordName":"earth"}
########## API CALL ######### at 11/11/2019, 6:10:19 PM
ip ::ffff:127.0.0.1
Api name  picListByKeywordSearch
Method type  GET
params  {"keywordName":"testing"}
########## API CALL ######### at 11/11/2019, 6:10:22 PM
ip ::ffff:127.0.0.1
Api name  picListByKeywordSearch
Method type  GET
params  {"keywordName":"testing"}
########## API CALL ######### at 11/11/2019, 6:10:36 PM
ip ::ffff:127.0.0.1
Api name  picListByKeywordSearch
Method type  GET
params  {"keywordName":"earth"}
########## API CALL ######### at 11/11/2019, 6:10:59 PM
ip ::ffff:127.0.0.1
Api name  picListByKeywordSearch
Method type  GET
params  {"keywordName":"earth"}
########## API CALL ######### at 11/11/2019, 6:13:06 PM
ip ::ffff:127.0.0.1
Api name  picListByKeywordSearch
Method type  GET
params  {"keywordName":"earth"}
########## API CALL ######### at 11/11/2019, 6:13:31 PM
ip ::ffff:127.0.0.1
Api name  picListByKeywordSearch
Method type  GET
params  {"keywordName":"earth"}
########## API CALL ######### at 11/11/2019, 6:21:08 PM
ip ::ffff:127.0.0.1
Api name  picListByKeywordSearch
Method type  GET
params  {"keywordName":"earth"}
########## API CALL ######### at 11/11/2019, 6:25:46 PM
ip ::ffff:127.0.0.1
Api name  picListByKeywordSearch
Method type  GET
params  {"keywordName":"mars"}
########## API CALL ######### at 11/11/2019, 6:30:31 PM
ip ::ffff:127.0.0.1
Api name  picListByKeywordSearch
Method type  GET
params  {"keywordName":"sdacjvsda\\"}
########## API CALL ######### at 11/11/2019, 6:30:33 PM
ip ::ffff:127.0.0.1
Api name  picListByKeywordSearch
Method type  GET
params  {"keywordName":"sdacjvsda\\"}
########## API CALL ######### at 11/11/2019, 6:30:40 PM
ip ::ffff:127.0.0.1
Api name  picListByKeywordSearch
Method type  GET
params  {"keywordName":"mars"}
########## API CALL ######### at 11/11/2019, 6:30:44 PM
ip ::ffff:127.0.0.1
Api name  picListByKeywordSearch
Method type  GET
params  {"keywordName":"mars"}
########## API CALL ######### at 11/11/2019, 6:30:55 PM
ip ::ffff:127.0.0.1
Api name  picListByKeywordSearch
Method type  GET
params  {"keywordName":"polk"}
########## API CALL ######### at 11/11/2019, 6:31:02 PM
ip ::ffff:127.0.0.1
Api name  picListByKeywordSearch
Method type  GET
params  {"keywordName":"test"}
########## API CALL ######### at 11/11/2019, 6:31:11 PM
ip ::ffff:127.0.0.1
Api name  picListByKeywordSearch
Method type  GET
params  {"keywordName":"earth"}
########## API CALL ######### at 11/11/2019, 6:31:23 PM
ip ::ffff:127.0.0.1
Api name  picListByKeywordSearch
Method type  GET
params  {"keywordName":"mars"}
########## API CALL ######### at 11/11/2019, 6:31:30 PM
ip ::ffff:127.0.0.1
Api name  picListByKeywordSearch
Method type  GET
params  {"keywordName":"jkl"}
########## API CALL ######### at 11/11/2019, 6:31:37 PM
ip ::ffff:127.0.0.1
Api name  picListByKeywordSearch
Method type  GET
params  {"keywordName":"planet"}
########## API CALL ######### at 11/11/2019, 6:31:38 PM
ip ::ffff:127.0.0.1
Api name  picListByKeywordSearch
Method type  GET
params  {"keywordName":"planet"}
########## API CALL ######### at 11/11/2019, 6:31:38 PM
ip ::ffff:127.0.0.1
Api name  picListByKeywordSearch
Method type  GET
params  {"keywordName":"planet"}
########## API CALL ######### at 11/11/2019, 6:31:39 PM
ip ::ffff:127.0.0.1
Api name  picListByKeywordSearch
Method type  GET
params  {"keywordName":"planet"}
########## API CALL ######### at 11/11/2019, 6:31:39 PM
ip ::ffff:127.0.0.1
Api name  picListByKeywordSearch
Method type  GET
params  {"keywordName":"planet"}
########## API CALL ######### at 11/11/2019, 6:31:45 PM
ip ::ffff:127.0.0.1
Api name  picListByKeywordSearch
Method type  GET
params  {"keywordName":"water"}
########## API CALL ######### at 11/11/2019, 6:31:46 PM
ip ::ffff:127.0.0.1
Api name  picListByKeywordSearch
Method type  GET
params  {"keywordName":"water"}
########## API CALL ######### at 11/11/2019, 6:31:47 PM
ip ::ffff:127.0.0.1
Api name  picListByKeywordSearch
Method type  GET
params  {"keywordName":"water"}
########## API CALL ######### at 11/11/2019, 6:31:47 PM
ip ::ffff:127.0.0.1
Api name  picListByKeywordSearch
Method type  GET
params  {"keywordName":"water"}
########## API CALL ######### at 11/11/2019, 6:31:48 PM
ip ::ffff:127.0.0.1
Api name  picListByKeywordSearch
Method type  GET
params  {"keywordName":"water"}
########## API CALL ######### at 11/11/2019, 6:31:53 PM
ip ::ffff:127.0.0.1
Api name  picListByKeywordSearch
Method type  GET
params  {"keywordName":"mars"}
########## API CALL ######### at 11/11/2019, 6:35:14 PM
ip ::ffff:127.0.0.1
Api name  picListByKeywordSearch
Method type  GET
params  {"keywordName":"earth"}
########## API CALL ######### at 11/11/2019, 9:12:11 PM
ip ::ffff:127.0.0.1
Api name  picListByKeywordSearch
Method type  GET
params  {"keywordName":"earth"}
########## API CALL ######### at 11/11/2019, 9:12:34 PM
ip ::ffff:127.0.0.1
Api name  picListByKeywordSearch
Method type  GET
params  {"keywordName":"earth"}
########## API CALL ######### at 11/11/2019, 9:14:45 PM
ip ::ffff:127.0.0.1
Api name  picListByKeywordSearch
Method type  GET
params  {"keywordName":"test"}
########## API CALL ######### at 11/11/2019, 9:15:09 PM
ip ::ffff:127.0.0.1
Api name  picListByKeywordSearch
Method type  GET
params  {"keywordName":"test"}
########## API CALL ######### at 11/11/2019, 9:15:33 PM
ip ::ffff:127.0.0.1
Api name  picListByKeywordSearch
Method type  GET
params  {"keywordName":"test"}
########## API CALL ######### at 11/11/2019, 9:15:59 PM
ip ::ffff:127.0.0.1
Api name  picListByKeywordSearch
Method type  GET
params  {"keywordName":"test"}
########## API CALL ######### at 11/11/2019, 9:16:45 PM
ip ::ffff:127.0.0.1
Api name  picListByKeywordSearch
Method type  GET
params  {"keywordName":"test"}
########## API CALL ######### at 11/11/2019, 9:17:54 PM
ip ::ffff:127.0.0.1
Api name  picListByKeywordSearch
Method type  GET
params  {"keywordName":"test"}
########## API CALL ######### at 11/11/2019, 9:18:08 PM
ip ::ffff:127.0.0.1
Api name  picListByKeywordSearch
Method type  GET
params  {"keywordName":"tee"}
########## API CALL ######### at 11/11/2019, 9:47:42 PM
ip ::ffff:127.0.0.1
Api name  picListByKeywordSearch
Method type  GET
params  {"keywordName":"dam"}
########## API CALL ######### at 11/11/2019, 9:48:21 PM
ip ::ffff:127.0.0.1
Api name  picListByKeywordSearch
Method type  GET
params  {"keywordName":"software"}
########## API CALL ######### at 11/11/2019, 9:48:28 PM
ip ::ffff:127.0.0.1
Api name  picListByKeywordSearch
Method type  GET
params  {"keywordName":"DAM"}
########## API CALL ######### at 11/11/2019, 9:48:35 PM
ip ::ffff:127.0.0.1
Api name  picListByKeywordSearch
Method type  GET
params  {"keywordName":"dam"}
########## API CALL ######### at 11/11/2019, 9:48:40 PM
ip ::ffff:127.0.0.1
Api name  picListByKeywordSearch
Method type  GET
params  {"keywordName":"DAM"}
########## API CALL ######### at 11/11/2019, 9:48:59 PM
ip ::ffff:127.0.0.1
Api name  picListByKeywordSearch
Method type  GET
params  {"keywordName":"microsoft"}
########## API CALL ######### at 11/11/2019, 9:49:08 PM
ip ::ffff:127.0.0.1
Api name  picListByKeywordSearch
Method type  GET
params  {"keywordName":"Microsoft"}
########## API CALL ######### at 11/11/2019, 9:53:49 PM
ip ::ffff:127.0.0.1
Api name  picListByKeywordSearch
Method type  GET
params  {"keywordName":"Microsoft"}
########## API CALL ######### at 11/11/2019, 9:53:58 PM
ip ::ffff:127.0.0.1
Api name  picListByKeywordSearch
Method type  GET
params  {"keywordName":"Microsof"}
########## API CALL ######### at 11/11/2019, 9:54:07 PM
ip ::ffff:127.0.0.1
Api name  picListByKeywordSearch
Method type  GET
params  {"keywordName":"m"}
########## API CALL ######### at 11/11/2019, 9:54:13 PM
ip ::ffff:127.0.0.1
Api name  picListByKeywordSearch
Method type  GET
params  {"keywordName":"ooo"}
########## API CALL ######### at 11/11/2019, 9:54:59 PM
ip ::ffff:127.0.0.1
Api name  picListByKeywordSearch
Method type  GET
params  {"keywordName":"m"}
########## API CALL ######### at 11/11/2019, 9:58:35 PM
ip ::ffff:127.0.0.1
Api name  picListByKeywordSearch
Method type  GET
params  {"keywordName":"m"}
########## API CALL ######### at 11/11/2019, 9:58:41 PM
ip ::ffff:127.0.0.1
Api name  picListByKeywordSearch
Method type  GET
params  {"keywordName":"mediavalet"}
########## API CALL ######### at 11/11/2019, 9:58:49 PM
ip ::ffff:127.0.0.1
Api name  picListByKeywordSearch
Method type  GET
params  {"keywordName":"microsoft"}
########## API CALL ######### at 11/11/2019, 9:58:52 PM
ip ::ffff:127.0.0.1
Api name  picListByKeywordSearch
Method type  GET
params  {"keywordName":"microsof"}
########## API CALL ######### at 11/11/2019, 9:58:58 PM
ip ::ffff:127.0.0.1
Api name  picListByKeywordSearch
Method type  GET
params  {"keywordName":"microsoft"}
########## API CALL ######### at 11/11/2019, 10:06:17 PM
ip ::ffff:127.0.0.1
Api name  picListByKeywordSearch
Method type  GET
params  {"keywordName":"microsoft"}
########## API CALL ######### at 11/11/2019, 10:06:40 PM
ip ::ffff:127.0.0.1
Api name  picListByKeywordSearch
Method type  GET
params  {"keywordName":"microsoft"}
########## API CALL ######### at 11/11/2019, 10:06:45 PM
ip ::ffff:127.0.0.1
Api name  picListByKeywordSearch
Method type  GET
params  {"keywordName":"microsof"}
########## API CALL ######### at 11/11/2019, 11:02:33 PM
ip ::ffff:127.0.0.1
Api name  picListByKeywordSearch
Method type  GET
params  {"keywordName":"dam"}
########## API CALL ######### at 11/11/2019, 11:12:19 PM
ip ::ffff:127.0.0.1
Api name  picListByKeywordSearch
Method type  GET
params  {"keywordName":"dam"}
########## API CALL ######### at 11/11/2019, 11:20:03 PM
ip ::ffff:127.0.0.1
Api name  picListByKeywordSearch
Method type  GET
params  {"keywordName":"software"}
########## API CALL ######### at 11/11/2019, 11:24:49 PM
ip ::ffff:127.0.0.1
Api name  picListByKeywordSearch
Method type  GET
params  {"keywordName":"software microsoft"}
########## API CALL ######### at 11/11/2019, 11:24:50 PM
ip ::ffff:127.0.0.1
Api name  picListByKeywordSearch
Method type  GET
params  {"keywordName":"software microsoft"}
########## API CALL ######### at 11/11/2019, 11:24:57 PM
ip ::ffff:127.0.0.1
Api name  picListByKeywordSearch
Method type  GET
params  {"keywordName":"softwaremicrosoft"}
########## API CALL ######### at 11/11/2019, 11:25:04 PM
ip ::ffff:127.0.0.1
Api name  picListByKeywordSearch
Method type  GET
params  {"keywordName":"software"}
########## API CALL ######### at 11/11/2019, 11:27:48 PM
ip ::ffff:127.0.0.1
Api name  picListByKeywordSearch
Method type  GET
params  {"keywordName":"earth"}
########## API CALL ######### at 11/11/2019, 11:27:57 PM
ip ::ffff:127.0.0.1
Api name  picListByKeywordSearch
Method type  GET
params  {"keywordName":"mars"}
########## API CALL ######### at 11/11/2019, 11:37:13 PM
ip ::ffff:127.0.0.1
Api name  picListByKeywordSearch
Method type  GET
params  {"keywordName":"mars"}
########## API CALL ######### at 11/11/2019, 11:41:04 PM
ip ::ffff:127.0.0.1
Api name  picListByKeywordSearch
Method type  GET
params  {"keywordName":"mars"}
########## API CALL ######### at 11/11/2019, 11:41:24 PM
ip ::ffff:127.0.0.1
Api name  picListByKeywordSearch
Method type  GET
params  {"keywordName":"tree"}
########## API CALL ######### at 11/11/2019, 11:41:29 PM
ip ::ffff:127.0.0.1
Api name  picListByKeywordSearch
Method type  GET
params  {"keywordName":"trees"}
########## API CALL ######### at 11/11/2019, 11:50:01 PM
ip ::ffff:127.0.0.1
Api name  picListByKeywordSearch
Method type  GET
params  {"keywordName":"microsoft"}
########## API CALL ######### at 11/11/2019, 11:50:09 PM
ip ::ffff:127.0.0.1
Api name  picListByKeywordSearch
Method type  GET
params  {"keywordName":"earth"}
########## API CALL ######### at 11/11/2019, 11:50:28 PM
ip ::ffff:127.0.0.1
Api name  picListByKeywordSearch
Method type  GET
params  {"keywordName":"mars"}
########## API CALL ######### at 11/11/2019, 11:50:41 PM
ip ::ffff:127.0.0.1
Api name  picListByKeywordSearch
Method type  GET
params  {"keywordName":"college"}
########## API CALL ######### at 11/11/2019, 11:51:23 PM
ip ::ffff:127.0.0.1
Api name  picListByKeywordSearch
Method type  GET
params  {"keywordName":"SDVWEV"}
########## API CALL ######### at 11/11/2019, 11:51:34 PM
ip ::ffff:127.0.0.1
Api name  picListByKeywordSearch
Method type  GET
params  {"keywordName":"books"}
########## API CALL ######### at 11/11/2019, 11:55:11 PM
ip ::ffff:127.0.0.1
Api name  picListByKeywordSearch
Method type  GET
params  {"keywordName":"books"}
########## API CALL ######### at 11/11/2019, 11:55:19 PM
ip ::ffff:127.0.0.1
Api name  picListByKeywordSearch
Method type  GET
params  {"keywordName":"earth"}
########## API CALL ######### at 11/11/2019, 11:55:26 PM
ip ::ffff:127.0.0.1
Api name  picListByKeywordSearch
Method type  GET
params  {"keywordName":"dam"}
########## API CALL ######### at 11/12/2019, 12:09:14 AM
ip ::ffff:127.0.0.1
Api name  picListByKeywordSearch
Method type  GET
params  {"keywordName":"dam"}
########## API CALL ######### at 11/12/2019, 12:09:57 AM
ip ::ffff:127.0.0.1
Api name  picListByKeywordSearch
Method type  GET
params  {"keywordName":"dam"}
########## API CALL ######### at 11/12/2019, 12:10:11 AM
ip ::ffff:127.0.0.1
Api name  picListByKeywordSearch
Method type  GET
params  {"keywordName":"dam"}
########## API CALL ######### at 11/12/2019, 12:10:35 AM
ip ::ffff:127.0.0.1
Api name  picListByKeywordSearch
Method type  GET
params  {"keywordName":"earth"}
########## API CALL ######### at 11/12/2019, 12:10:47 AM
ip ::ffff:127.0.0.1
Api name  picListByKeywordSearch
Method type  GET
params  {"keywordName":"college"}
########## API CALL ######### at 11/12/2019, 12:11:14 AM
ip ::ffff:127.0.0.1
Api name  picListByKeywordSearch
Method type  GET
params  {"keywordName":"test"}
########## API CALL ######### at 11/12/2019, 12:11:18 AM
ip ::ffff:127.0.0.1
Api name  picListByKeywordSearch
Method type  GET
params  {"keywordName":"mars"}
########## API CALL ######### at 11/12/2019, 12:11:50 AM
ip ::ffff:127.0.0.1
Api name  picListByKeywordSearch
Method type  GET
params  {"keywordName":"mar"}
########## API CALL ######### at 11/12/2019, 12:11:54 AM
ip ::ffff:127.0.0.1
Api name  picListByKeywordSearch
Method type  GET
params  {"keywordName":"res"}
########## API CALL ######### at 11/12/2019, 12:11:59 AM
ip ::ffff:127.0.0.1
Api name  picListByKeywordSearch
Method type  GET
params  {"keywordName":"university"}
########## API CALL ######### at 11/12/2019, 12:12:04 AM
ip ::ffff:127.0.0.1
Api name  picListByKeywordSearch
Method type  GET
params  {"keywordName":"education"}
